This is pdfTeX, Version 3.1415926-2.3-1.40.12 (MiKTeX 2.9) (preloaded format=pdflatex 2017.1.22)  4 FEB 2017 18:00
entering extended mode
**C:/Users/Administrator/Desktop/MyPAPER/ÂØíÂÅáÊúüÂàä/IEEEtran-Privacy/PrivacyA
ttack.tex

(C:/Users/Administrator/Desktop/MyPAPER/ÂØíÂÅáÊúüÂàä/IEEEtran-Privacy/PrivacyAt
tack.tex
LaTeX2e <2011/06/27>
Babel <v3.8m> and hyphenation patterns for loaded.

(C:\Users\Administrator\Desktop\MyPAPER\ÂØíÂÅáÊúüÂàä\IEEEtran-Privacy\IEEEtran.
cls
Document Class: IEEEtran 2015/08/26 V1.8b by Michael Shell
-- See the "IEEEtran_HOWTO" manual for usage information.
-- http://www.michaelshell.org/tex/ieeetran/
\@IEEEtrantmpdimenA=\dimen102
\@IEEEtrantmpdimenB=\dimen103
\@IEEEtrantmpdimenC=\dimen104
\@IEEEtrantmpcountA=\count79
\@IEEEtrantmpcountB=\count80
\@IEEEtrantmpcountC=\count81
\@IEEEtrantmptoksA=\toks14
LaTeX Font Info:    Try loading font information for OT1+ppl on input line 503.

(D:\CTEX\MiKTeX\tex\latex\psnfss\ot1ppl.fd
File: ot1ppl.fd 2001/06/04 font definitions for OT1/ppl.
)
-- Using IEEE Computer Society mode.
-- Using 8.5in x 11in (letter) paper.
-- Using PDF output.
\@IEEEnormalsizeunitybaselineskip=\dimen105
-- This is a 10 point document.
\CLASSINFOnormalsizebaselineskip=\dimen106
\CLASSINFOnormalsizeunitybaselineskip=\dimen107
\IEEEnormaljot=\dimen108
LaTeX Font Info:    Font shape `OT1/ppl/bx/n' in size <5.01874> not available
(Font)              Font shape `OT1/ppl/b/n' tried instead on input line 1090.
LaTeX Font Info:    Font shape `OT1/ppl/bx/it' in size <5.01874> not available
(Font)              Font shape `OT1/ppl/b/it' tried instead on input line 1090.

LaTeX Font Info:    Font shape `OT1/ppl/bx/n' in size <7.02625> not available
(Font)              Font shape `OT1/ppl/b/n' tried instead on input line 1090.
LaTeX Font Info:    Font shape `OT1/ppl/bx/it' in size <7.02625> not available
(Font)              Font shape `OT1/ppl/b/it' tried instead on input line 1090.

LaTeX Font Info:    Font shape `OT1/ppl/bx/n' in size <8.03> not available
(Font)              Font shape `OT1/ppl/b/n' tried instead on input line 1090.
LaTeX Font Info:    Font shape `OT1/ppl/bx/it' in size <8.03> not available
(Font)              Font shape `OT1/ppl/b/it' tried instead on input line 1090.

LaTeX Font Info:    Font shape `OT1/ppl/bx/n' in size <9.03374> not available
(Font)              Font shape `OT1/ppl/b/n' tried instead on input line 1090.
LaTeX Font Info:    Font shape `OT1/ppl/bx/it' in size <9.03374> not available
(Font)              Font shape `OT1/ppl/b/it' tried instead on input line 1090.

LaTeX Font Info:    Font shape `OT1/ppl/bx/n' in size <9.53561> not available
(Font)              Font shape `OT1/ppl/b/n' tried instead on input line 1090.
LaTeX Font Info:    Font shape `OT1/ppl/bx/it' in size <9.53561> not available
(Font)              Font shape `OT1/ppl/b/it' tried instead on input line 1090.

LaTeX Font Info:    Font shape `OT1/ppl/bx/n' in size <11.04124> not available
(Font)              Font shape `OT1/ppl/b/n' tried instead on input line 1090.
LaTeX Font Info:    Font shape `OT1/ppl/bx/it' in size <11.04124> not available

(Font)              Font shape `OT1/ppl/b/it' tried instead on input line 1090.

LaTeX Font Info:    Font shape `OT1/ppl/bx/n' in size <12.045> not available
(Font)              Font shape `OT1/ppl/b/n' tried instead on input line 1090.
LaTeX Font Info:    Font shape `OT1/ppl/bx/it' in size <12.045> not available
(Font)              Font shape `OT1/ppl/b/it' tried instead on input line 1090.

LaTeX Font Info:    Font shape `OT1/ppl/bx/n' in size <17.06374> not available
(Font)              Font shape `OT1/ppl/b/n' tried instead on input line 1090.
LaTeX Font Info:    Font shape `OT1/ppl/bx/it' in size <17.06374> not available

(Font)              Font shape `OT1/ppl/b/it' tried instead on input line 1090.

LaTeX Font Info:    Font shape `OT1/ppl/bx/n' in size <20.075> not available
(Font)              Font shape `OT1/ppl/b/n' tried instead on input line 1090.
LaTeX Font Info:    Font shape `OT1/ppl/bx/it' in size <20.075> not available
(Font)              Font shape `OT1/ppl/b/it' tried instead on input line 1090.

LaTeX Font Info:    Font shape `OT1/ppl/bx/n' in size <24.09> not available
(Font)              Font shape `OT1/ppl/b/n' tried instead on input line 1090.
LaTeX Font Info:    Font shape `OT1/ppl/bx/it' in size <24.09> not available
(Font)              Font shape `OT1/ppl/b/it' tried instead on input line 1090.

\IEEEquantizedlength=\dimen109
\IEEEquantizedlengthdiff=\dimen110
\IEEEquantizedtextheightdiff=\dimen111
\IEEEilabelindentA=\dimen112
\IEEEilabelindentB=\dimen113
\IEEEilabelindent=\dimen114
\IEEEelabelindent=\dimen115
\IEEEdlabelindent=\dimen116
\IEEElabelindent=\dimen117
\IEEEiednormlabelsep=\dimen118
\IEEEiedmathlabelsep=\dimen119
\IEEEiedtopsep=\skip41
\c@section=\count82
\c@subsection=\count83
\c@subsubsection=\count84
\c@paragraph=\count85
\c@IEEEsubequation=\count86
\abovecaptionskip=\skip42
\belowcaptionskip=\skip43
\c@figure=\count87
\c@table=\count88
\@IEEEeqnnumcols=\count89
\@IEEEeqncolcnt=\count90
\@IEEEsubeqnnumrollback=\count91
\@IEEEquantizeheightA=\dimen120
\@IEEEquantizeheightB=\dimen121
\@IEEEquantizeheightC=\dimen122
\@IEEEquantizeprevdepth=\dimen123
\@IEEEquantizemultiple=\count92
\@IEEEquantizeboxA=\box26
\@IEEEtmpitemindent=\dimen124
\IEEEPARstartletwidth=\dimen125
\c@IEEEbiography=\count93
\@IEEEtranrubishbin=\box27
) (D:\CTEX\MiKTeX\tex\latex\natbib\natbib.sty
Package: natbib 2010/09/13 8.31b (PWD, AO)
\bibhang=\skip44
\bibsep=\skip45
LaTeX Info: Redefining \cite on input line 694.
\c@NAT@ctr=\count94
)
(D:\CTEX\MiKTeX\tex\latex\graphics\graphicx.sty
Package: graphicx 1999/02/16 v1.0f Enhanced LaTeX Graphics (DPC,SPQR)

(D:\CTEX\MiKTeX\tex\latex\graphics\keyval.sty
Package: keyval 1999/03/16 v1.13 key=value parser (DPC)
\KV@toks@=\toks15
)
(D:\CTEX\MiKTeX\tex\latex\graphics\graphics.sty
Package: graphics 2009/02/05 v1.0o Standard LaTeX Graphics (DPC,SPQR)

(D:\CTEX\MiKTeX\tex\latex\graphics\trig.sty
Package: trig 1999/03/16 v1.09 sin cos tan (DPC)
)
(D:\CTEX\MiKTeX\tex\latex\00miktex\graphics.cfg
File: graphics.cfg 2007/01/18 v1.5 graphics configuration of teTeX/TeXLive
)
Package graphics Info: Driver file: pdftex.def on input line 91.

(D:\CTEX\MiKTeX\tex\latex\pdftex-def\pdftex.def
File: pdftex.def 2011/05/27 v0.06d Graphics/color for pdfTeX

(D:\CTEX\MiKTeX\tex\generic\oberdiek\infwarerr.sty
Package: infwarerr 2010/04/08 v1.3 Providing info/warning/message (HO)
)
(D:\CTEX\MiKTeX\tex\generic\oberdiek\ltxcmds.sty
Package: ltxcmds 2011/04/18 v1.20 LaTeX kernel commands for general use (HO)
)
\Gread@gobject=\count95
))
\Gin@req@height=\dimen126
\Gin@req@width=\dimen127
)
(D:\CTEX\MiKTeX\tex\latex\psnfss\times.sty
Package: times 2005/04/12 PSNFSS-v9.2a (SPQR) 
)
(D:\CTEX\MiKTeX\tex\latex\ams\math\amsmath.sty
Package: amsmath 2000/07/18 v2.13 AMS math features
\@mathmargin=\skip46

For additional information on amsmath, use the `?' option.
(D:\CTEX\MiKTeX\tex\latex\ams\math\amstext.sty
Package: amstext 2000/06/29 v2.01

(D:\CTEX\MiKTeX\tex\latex\ams\math\amsgen.sty
File: amsgen.sty 1999/11/30 v2.0
\@emptytoks=\toks16
\ex@=\dimen128
))
(D:\CTEX\MiKTeX\tex\latex\ams\math\amsbsy.sty
Package: amsbsy 1999/11/29 v1.2d
\pmbraise@=\dimen129
)
(D:\CTEX\MiKTeX\tex\latex\ams\math\amsopn.sty
Package: amsopn 1999/12/14 v2.01 operator names
)
\inf@bad=\count96
LaTeX Info: Redefining \frac on input line 211.
\uproot@=\count97
\leftroot@=\count98
LaTeX Info: Redefining \overline on input line 307.
\classnum@=\count99
\DOTSCASE@=\count100
LaTeX Info: Redefining \ldots on input line 379.
LaTeX Info: Redefining \dots on input line 382.
LaTeX Info: Redefining \cdots on input line 467.
\Mathstrutbox@=\box28
\strutbox@=\box29
\big@size=\dimen130
LaTeX Font Info:    Redeclaring font encoding OML on input line 567.
LaTeX Font Info:    Redeclaring font encoding OMS on input line 568.
\macc@depth=\count101
\c@MaxMatrixCols=\count102
\dotsspace@=\muskip10
\c@parentequation=\count103
\dspbrk@lvl=\count104
\tag@help=\toks17
\row@=\count105
\column@=\count106
\maxfields@=\count107
\andhelp@=\toks18
\eqnshift@=\dimen131
\alignsep@=\dimen132
\tagshift@=\dimen133
\tagwidth@=\dimen134
\totwidth@=\dimen135
\lineht@=\dimen136
\@envbody=\toks19
\multlinegap=\skip47
\multlinetaggap=\skip48
\mathdisplay@stack=\toks20
LaTeX Info: Redefining \[ on input line 2666.
LaTeX Info: Redefining \] on input line 2667.
)
(D:\CTEX\MiKTeX\tex\latex\tools\indentfirst.sty
Package: indentfirst 1995/11/23 v1.03 Indent first paragraph (DPC)
)
(D:\CTEX\CTeX\tex\latex\texfriend\mathbbold.sty
\symbbold=\mathgroup4
)
(D:\CTEX\MiKTeX\tex\latex\jknappen\mathrsfs.sty
Package: mathrsfs 1996/01/01 Math RSFS package v1.0 (jk)
\symrsfs=\mathgroup5
)
(D:\CTEX\MiKTeX\tex\latex\amsfonts\amssymb.sty
Package: amssymb 2009/06/22 v3.00

(D:\CTEX\MiKTeX\tex\latex\amsfonts\amsfonts.sty
Package: amsfonts 2009/06/22 v3.00 Basic AMSFonts support
\symAMSa=\mathgroup6
\symAMSb=\mathgroup7
LaTeX Font Info:    Overwriting math alphabet `\mathfrak' in version `bold'
(Font)                  U/euf/m/n --> U/euf/b/n on input line 96.
))
(D:\CTEX\MiKTeX\tex\latex\psnfss\pifont.sty
Package: pifont 2005/04/12 PSNFSS-v9.2a Pi font support (SPQR) 
LaTeX Font Info:    Try loading font information for U+pzd on input line 63.

(D:\CTEX\MiKTeX\tex\latex\psnfss\upzd.fd
File: upzd.fd 2001/06/04 font definitions for U/pzd.
)
LaTeX Font Info:    Try loading font information for U+psy on input line 64.

(D:\CTEX\MiKTeX\tex\latex\psnfss\upsy.fd
File: upsy.fd 2001/06/04 font definitions for U/psy.
))
(D:\CTEX\MiKTeX\tex\latex\bbding\bbding.sty
Package: bbding 1999/04/15 v1.01 Dingbats symbols
)
(D:\CTEX\MiKTeX\tex\latex\base\fontenc.sty
Package: fontenc 2005/09/27 v1.99g Standard LaTeX package

(D:\CTEX\MiKTeX\tex\latex\base\t1enc.def
File: t1enc.def 2005/09/27 v1.99g Standard LaTeX file
LaTeX Font Info:    Redeclaring font encoding T1 on input line 43.
)
LaTeX Font Info:    Try loading font information for T1+ppl on input line 100.

(D:\CTEX\MiKTeX\tex\latex\psnfss\t1ppl.fd
File: t1ppl.fd 2001/06/04 font definitions for T1/ppl.
))
(D:\CTEX\MiKTeX\tex\latex\graphics\color.sty
Package: color 2005/11/14 v1.0j Standard LaTeX Color (DPC)

(D:\CTEX\MiKTeX\tex\latex\00miktex\color.cfg
File: color.cfg 2007/01/18 v1.5 color configuration of teTeX/TeXLive
)
Package color Info: Driver file: pdftex.def on input line 130.
)
(D:\CTEX\MiKTeX\tex\latex\units\units.sty
Package: units 1998/08/04 v0.9b Typesetting units

(D:\CTEX\MiKTeX\tex\latex\base\ifthen.sty
Package: ifthen 2001/05/26 v1.1c Standard LaTeX ifthen package (DPC)
)
(D:\CTEX\MiKTeX\tex\latex\units\nicefrac.sty
Package: nicefrac 1998/08/04 v0.9b Nice fractions
\L@UnitsRaiseDisplaystyle=\skip49
\L@UnitsRaiseTextstyle=\skip50
\L@UnitsRaiseScriptstyle=\skip51
))
(D:\CTEX\MiKTeX\tex\latex\oberdiek\stackrel.sty
Package: stackrel 2007/11/11 v1.2 Adding subscript option to stackrel (HO)

(D:\CTEX\MiKTeX\tex\generic\oberdiek\etexcmds.sty
Package: etexcmds 2011/02/16 v1.5 Prefix for e-TeX command names (HO)

(D:\CTEX\MiKTeX\tex\generic\oberdiek\ifluatex.sty
Package: ifluatex 2010/03/01 v1.3 Provides the ifluatex switch (HO)
Package ifluatex Info: LuaTeX not detected.
)
Package etexcmds Info: Could not find \expanded.
(etexcmds)             That can mean that you are not using pdfTeX 1.50 or
(etexcmds)             that some package has redefined \expanded.
(etexcmds)             In the latter case, load this package earlier.
)
(D:\CTEX\MiKTeX\tex\generic\oberdiek\pdftexcmds.sty
Package: pdftexcmds 2011/04/22 v0.16 Utilities of pdfTeX for LuaTeX (HO)

(D:\CTEX\MiKTeX\tex\generic\oberdiek\ifpdf.sty
Package: ifpdf 2011/01/30 v2.3 Provides the ifpdf switch (HO)
Package ifpdf Info: pdfTeX in PDF mode is detected.
)
Package pdftexcmds Info: LuaTeX not detected.
Package pdftexcmds Info: \pdf@primitive is available.
Package pdftexcmds Info: \pdf@ifprimitive is available.
Package pdftexcmds Info: \pdfdraftmode found.
))
(D:\CTEX\MiKTeX\tex\latex\esint\esint.sty
Package: esint 
\symlargesymbolsA=\mathgroup8
)
(D:\CTEX\MiKTeX\tex\latex\caption\caption.sty
Package: caption 2011/11/10 v3.2e Customizing captions (AR)

(D:\CTEX\MiKTeX\tex\latex\caption\caption3.sty
Package: caption3 2011/11/01 v1.4a caption3 kernel (AR)
\captionmargin=\dimen137
\captionmargin@=\dimen138
\captionwidth=\dimen139
\caption@indent=\dimen140
\caption@parindent=\dimen141
\caption@hangindent=\dimen142
Package caption Info: Unknown document class (or package),
(caption)             standard defaults will be used.
)

Package caption Warning: Unsupported document class (or package) detected,
(caption)                usage of the caption package is not recommended.
See the caption package documentation for explanation.

Package caption Info: \@makecaption = \long macro:#1#2->\ifx \@captype \@IEEEta
blestring \footnotesize \bgroup \par \centering \@IEEEtabletopskipstrut {\norma
lfont \sffamily \footnotesize #1}\\{\normalfont \sffamily \footnotesize #2}\par
 \addvspace {0.5\baselineskip }\egroup \@IEEEtablecaptionsepspace \else \@IEEEf
igurecaptionsepspace \setbox \@tempboxa \hbox {\normalfont \sffamily \footnotes
ize {#1.}\nobreakspace #2}\ifdim \wd \@tempboxa >\hsize \setbox \@tempboxa \hbo
x {\normalfont \sffamily \footnotesize {#1.}\nobreakspace }\parbox [t]{\hsize }
{\normalfont \sffamily \footnotesize \noindent \unhbox \@tempboxa #2}\else \hbo
x to\hsize {\normalfont \sffamily \footnotesize \box \@tempboxa \hfil }\fi \fi 
.
\c@ContinuedFloat=\count108
) (D:\CTEX\MiKTeX\tex\latex\caption\subcaption.sty
Package: subcaption 2011/10/30 v1.1c Sub-captions (AR)
\c@subfigure=\count109
\c@subtable=\count110
)
(D:\CTEX\MiKTeX\tex\latex\tools\enumerate.sty
Package: enumerate 1999/03/05 v3.00 enumerate extensions (DPC)
\@enLab=\toks21
)
(D:\CTEX\MiKTeX\tex\latex\tools\dcolumn.sty
Package: dcolumn 2001/05/28 v1.06 decimal alignment package (DPC)

(D:\CTEX\MiKTeX\tex\latex\tools\array.sty
Package: array 2008/09/09 v2.4c Tabular extension package (FMi)
\col@sep=\dimen143
\extrarowheight=\dimen144
\NC@list=\toks22
\extratabsurround=\skip52
\backup@length=\skip53
))
(D:\CTEX\MiKTeX\tex\latex\makecell\makecell.sty
Package: makecell 2009/08/03 V0.1e Managing of Tab Column Heads and Cells
\rotheadsize=\dimen145
\c@nlinenum=\count111
\TeXr@lab=\toks23
)
(D:\CTEX\MiKTeX\tex\latex\booktabs\booktabs.sty
Package: booktabs 2005/04/14 v1.61803 publication quality tables
\heavyrulewidth=\dimen146
\lightrulewidth=\dimen147
\cmidrulewidth=\dimen148
\belowrulesep=\dimen149
\belowbottomsep=\dimen150
\aboverulesep=\dimen151
\abovetopsep=\dimen152
\cmidrulesep=\dimen153
\cmidrulekern=\dimen154
\defaultaddspace=\dimen155
\@cmidla=\count112
\@cmidlb=\count113
\@aboverulesep=\dimen156
\@belowrulesep=\dimen157
\@thisruleclass=\count114
\@lastruleclass=\count115
\@thisrulewidth=\dimen158
)
(D:\CTEX\MiKTeX\tex\latex\algorithms\algorithm.sty
Package: algorithm 2009/08/24 v0.1 Document Style `algorithm' - floating enviro
nment

(D:\CTEX\MiKTeX\tex\latex\float\float.sty
Package: float 2001/11/08 v1.3d Float enhancements (AL)
\c@float@type=\count116
\float@exts=\toks24
\float@box=\box30
\@float@everytoks=\toks25
\@floatcapt=\box31
)
\@float@every@algorithm=\toks26
\c@algorithm=\count117
)
(D:\CTEX\MiKTeX\tex\latex\algorithms\algorithmic.sty
Package: algorithmic 2009/08/24 v0.1 Document Style `algorithmic'
\c@ALC@unique=\count118
\c@ALC@line=\count119
\c@ALC@rem=\count120
\c@ALC@depth=\count121
\ALC@tlm=\skip54
\algorithmicindent=\skip55
)
\c@remark=\count122
\c@thm=\count123
\c@lem=\count124
\c@suppose=\count125
\c@proof=\count126
\c@asum=\count127

(C:\Users\Administrator\Desktop\MyPAPER\ÂØíÂÅáÊúüÂàä\IEEEtran-Privacy\PrivacyAt
tack.aux)
LaTeX Font Info:    Checking defaults for OML/cmm/m/it on input line 48.
LaTeX Font Info:    ... okay on input line 48.
LaTeX Font Info:    Checking defaults for T1/cmr/m/n on input line 48.
LaTeX Font Info:    ... okay on input line 48.
LaTeX Font Info:    Checking defaults for OT1/cmr/m/n on input line 48.
LaTeX Font Info:    ... okay on input line 48.
LaTeX Font Info:    Checking defaults for OMS/cmsy/m/n on input line 48.
LaTeX Font Info:    ... okay on input line 48.
LaTeX Font Info:    Checking defaults for OMX/cmex/m/n on input line 48.
LaTeX Font Info:    ... okay on input line 48.
LaTeX Font Info:    Checking defaults for U/cmr/m/n on input line 48.
LaTeX Font Info:    ... okay on input line 48.
LaTeX Font Info:    Try loading font information for T1+ptm on input line 48.
 (D:\CTEX\MiKTeX\tex\latex\psnfss\t1ptm.fd
File: t1ptm.fd 2001/06/04 font definitions for T1/ptm.
)
LaTeX Font Info:    Font shape `T1/ptm/bx/n' in size <5.01874> not available
(Font)              Font shape `T1/ptm/b/n' tried instead on input line 48.
LaTeX Font Info:    Font shape `T1/ptm/bx/it' in size <5.01874> not available
(Font)              Font shape `T1/ptm/b/it' tried instead on input line 48.
LaTeX Font Info:    Font shape `T1/ptm/bx/n' in size <7.02625> not available
(Font)              Font shape `T1/ptm/b/n' tried instead on input line 48.
LaTeX Font Info:    Font shape `T1/ptm/bx/it' in size <7.02625> not available
(Font)              Font shape `T1/ptm/b/it' tried instead on input line 48.
LaTeX Font Info:    Font shape `T1/ptm/bx/n' in size <8.03> not available
(Font)              Font shape `T1/ptm/b/n' tried instead on input line 48.
LaTeX Font Info:    Font shape `T1/ptm/bx/it' in size <8.03> not available
(Font)              Font shape `T1/ptm/b/it' tried instead on input line 48.
LaTeX Font Info:    Font shape `T1/ptm/bx/n' in size <9.03374> not available
(Font)              Font shape `T1/ptm/b/n' tried instead on input line 48.
LaTeX Font Info:    Font shape `T1/ptm/bx/it' in size <9.03374> not available
(Font)              Font shape `T1/ptm/b/it' tried instead on input line 48.
LaTeX Font Info:    Font shape `T1/ptm/bx/n' in size <9.53561> not available
(Font)              Font shape `T1/ptm/b/n' tried instead on input line 48.
LaTeX Font Info:    Font shape `T1/ptm/bx/it' in size <9.53561> not available
(Font)              Font shape `T1/ptm/b/it' tried instead on input line 48.
LaTeX Font Info:    Font shape `T1/ptm/bx/n' in size <11.04124> not available
(Font)              Font shape `T1/ptm/b/n' tried instead on input line 48.
LaTeX Font Info:    Font shape `T1/ptm/bx/it' in size <11.04124> not available
(Font)              Font shape `T1/ptm/b/it' tried instead on input line 48.
LaTeX Font Info:    Font shape `T1/ptm/bx/n' in size <12.045> not available
(Font)              Font shape `T1/ptm/b/n' tried instead on input line 48.
LaTeX Font Info:    Font shape `T1/ptm/bx/it' in size <12.045> not available
(Font)              Font shape `T1/ptm/b/it' tried instead on input line 48.
LaTeX Font Info:    Font shape `T1/ptm/bx/n' in size <17.06374> not available
(Font)              Font shape `T1/ptm/b/n' tried instead on input line 48.
LaTeX Font Info:    Font shape `T1/ptm/bx/it' in size <17.06374> not available
(Font)              Font shape `T1/ptm/b/it' tried instead on input line 48.
LaTeX Font Info:    Font shape `T1/ptm/bx/n' in size <20.075> not available
(Font)              Font shape `T1/ptm/b/n' tried instead on input line 48.
LaTeX Font Info:    Font shape `T1/ptm/bx/it' in size <20.075> not available
(Font)              Font shape `T1/ptm/b/it' tried instead on input line 48.
LaTeX Font Info:    Font shape `T1/ptm/bx/n' in size <24.09> not available
(Font)              Font shape `T1/ptm/b/n' tried instead on input line 48.
LaTeX Font Info:    Font shape `T1/ptm/bx/it' in size <24.09> not available
(Font)              Font shape `T1/ptm/b/it' tried instead on input line 48.

-- Lines per column: 61 (exact).
(D:\CTEX\MiKTeX\tex\context\base\supp-pdf.mkii
[Loading MPS to PDF converter (version 2006.09.02).]
\scratchcounter=\count128
\scratchdimen=\dimen159
\scratchbox=\box32
\nofMPsegments=\count129
\nofMParguments=\count130
\everyMPshowfont=\toks27
\MPscratchCnt=\count131
\MPscratchDim=\dimen160
\MPnumerator=\count132
\makeMPintoPDFobject=\count133
\everyMPtoPDFconversion=\toks28
)
Package caption Info: Begin \AtBeginDocument code.
Package caption Info: float package is loaded.
Package caption Info: End \AtBeginDocument code.
LaTeX Font Info:    Try loading font information for T1+phv on input line 78.
 (D:\CTEX\MiKTeX\tex\latex\psnfss\t1phv.fd
File: t1phv.fd 2001/06/04 scalable font definitions for T1/phv.
)
LaTeX Font Info:    Font shape `T1/phv/m/it' in size <11.04124> not available
(Font)              Font shape `T1/phv/m/sl' tried instead on input line 78.
LaTeX Font Info:    Font shape `T1/phv/bx/n' in size <8.03> not available
(Font)              Font shape `T1/phv/b/n' tried instead on input line 78.
LaTeX Font Info:    Calculating math sizes for size <11.04124> on input line 78
.
LaTeX Font Info:    Try loading font information for U+rsfs on input line 78.

(D:\CTEX\MiKTeX\tex\latex\jknappen\ursfs.fd
File: ursfs.fd 1998/03/24 rsfs font definition file (jk)
)
LaTeX Font Info:    Try loading font information for U+msa on input line 78.

(D:\CTEX\MiKTeX\tex\latex\amsfonts\umsa.fd
File: umsa.fd 2009/06/22 v3.00 AMS symbols A
)
LaTeX Font Info:    Try loading font information for U+msb on input line 78.

(D:\CTEX\MiKTeX\tex\latex\amsfonts\umsb.fd
File: umsb.fd 2009/06/22 v3.00 AMS symbols B
)
LaTeX Font Info:    Try loading font information for U+esint on input line 78.

(D:\CTEX\MiKTeX\tex\latex\esint\uesint.fd
File: uesint.fd 
)
LaTeX Font Info:    Calculating math sizes for size <8.03> on input line 78.
LaTeX Font Info:    Font shape `T1/phv/bx/n' in size <11.04124> not available
(Font)              Font shape `T1/phv/b/n' tried instead on input line 106.
LaTeX Font Info:    Font shape `T1/phv/bx/sc' in size <11.04124> not available
(Font)              Font shape `T1/phv/b/sc' tried instead on input line 106.
LaTeX Font Info:    Calculating math sizes for size <9.53561> on input line 117
.

Underfull \vbox (badness 8038) has occurred while \output is active []

LaTeX Font Info:    Calculating math sizes for size <7.02625> on input line 121
.
 [1{D:/CTEX/UserData/pdftex/config/pdftex.map{Unicode.sfd}{UGBK.sfd}}


]
Underfull \hbox (badness 10000) in paragraph at lines 174--175

 []

LaTeX Font Info:    Font shape `T1/phv/bx/n' in size <9.53561> not available
(Font)              Font shape `T1/phv/b/n' tried instead on input line 195.
[2] <AttackNetwork.pdf, id=29, 334.08214pt x 226.92378pt>
File: AttackNetwork.pdf Graphic file (type pdf)

<use AttackNetwork.pdf>
Package pdftex.def Info: AttackNetwork.pdf used on input line 283.
(pdftex.def)             Requested size: 142.26085pt x 91.04837pt.
 [3 <C:/Users/Administrator/Desktop/MyPAPER/ÂØíÂÅáÊúüÂàä/IEEEtran-Privacy/Attac
kNetwork.pdf>]
<ring.pdf, id=68, 92.1345pt x 94.66516pt>
File: ring.pdf Graphic file (type pdf)
 <use ring.pdf>
Package pdftex.def Info: ring.pdf used on input line 338.
(pdftex.def)             Requested size: 113.81259pt x 113.81139pt.
 [4 <C:/Users/Administrator/Desktop/MyPAPER/ÂØíÂÅáÊúüÂàä/IEEEtran-Privacy/ring.
pdf>]

LaTeX Warning: The counter will not be printed.
             The label is: 2) on input line 420.



pdfTeX warning: pdflatex.exe (file C:/Users/Administrator/Desktop/MyPAPER/ÂØíÂÅ
áÊúüÂàä/IEEEtran-Privacy/k2p1-a.pdf): PDF inclusion: found PDF version <1.6>, b
ut at most version <1.5> allowed
<k2p1-a.pdf, id=80, 343.93974pt x 230.68031pt>
File: k2p1-a.pdf Graphic file (type pdf)
 <use k2p1-a.pdf>
Package pdftex.def Info: k2p1-a.pdf used on input line 434.
(pdftex.def)             Requested size: 119.49902pt x 88.20149pt.


pdfTeX warning: pdflatex.exe (file C:/Users/Administrator/Desktop/MyPAPER/ÂØíÂÅ
áÊúüÂàä/IEEEtran-Privacy/k2p1-b.pdf): PDF inclusion: found PDF version <1.6>, b
ut at most version <1.5> allowed
<k2p1-b.pdf, id=81, 340.70427pt x 230.2184pt>
File: k2p1-b.pdf Graphic file (type pdf)
 <use k2p1-b.pdf>
Package pdftex.def Info: k2p1-b.pdf used on input line 437.
(pdftex.def)             Requested size: 119.49782pt x 88.20403pt.

Overfull \hbox (6.0225pt too wide) in paragraph at lines 434--438
[][][] 
 []

[5 <C:/Users/Administrator/Desktop/MyPAPER/ÂØíÂÅáÊúüÂàä/IEEEtran-Privacy/k2p1-a
.pdf> <C:/Users/Administrator/Desktop/MyPAPER/ÂØíÂÅáÊúüÂàä/IEEEtran-Privacy/k2p
1-b.pdf>]

pdfTeX warning: pdflatex.exe (file C:/Users/Administrator/Desktop/MyPAPER/ÂØíÂÅ
áÊúüÂàä/IEEEtran-Privacy/k4p5-a.pdf): PDF inclusion: found PDF version <1.6>, b
ut at most version <1.5> allowed
<k4p5-a.pdf, id=118, 340.70366pt x 231.60457pt>
File: k4p5-a.pdf Graphic file (type pdf)
 <use k4p5-a.pdf>
Package pdftex.def Info: k4p5-a.pdf used on input line 452.
(pdftex.def)             Requested size: 119.50279pt x 88.20148pt.

<k4p2.pdf, id=119, 341.62883pt x 232.06671pt>
File: k4p2.pdf Graphic file (type pdf)
 <use k4p2.pdf>
Package pdftex.def Info: k4p2.pdf used on input line 455.
(pdftex.def)             Requested size: 119.49889pt x 88.20396pt.

Overfull \hbox (6.0225pt too wide) in paragraph at lines 452--456
[][][] 
 []



pdfTeX warning: pdflatex.exe (file C:/Users/Administrator/Desktop/MyPAPER/ÂØíÂÅ
áÊúüÂàä/IEEEtran-Privacy/k4p5-b.pdf): PDF inclusion: found PDF version <1.6>, b
ut at most version <1.5> allowed
<k4p5-b.pdf, id=120, 336.54373pt x 232.99155pt>
File: k4p5-b.pdf Graphic file (type pdf)
 <use k4p5-b.pdf>
Package pdftex.def Info: k4p5-b.pdf used on input line 465.
(pdftex.def)             Requested size: 119.50209pt x 85.35939pt.

Overfull \hbox (6.0225pt too wide) in paragraph at lines 465--466
[][] 
 []



pdfTeX warning: pdflatex.exe (file C:/Users/Administrator/Desktop/MyPAPER/ÂØíÂÅ
áÊúüÂàä/IEEEtran-Privacy/structure.pdf): PDF inclusion: found PDF version <1.6>
, but at most version <1.5> allowed
<structure.pdf, id=121, 139.32994pt x 88.11922pt>
File: structure.pdf Graphic file (type pdf)
 <use structure.pdf>
Package pdftex.def Info: structure.pdf used on input line 476.
(pdftex.def)             Requested size: 85.35893pt x 56.90569pt.
 [6 <C:/Users/Administrator/Desktop/MyPAPER/ÂØíÂÅáÊúüÂàä/IEEEtran-Privacy/k4p5-
a.pdf> <C:/Users/Administrator/Desktop/MyPAPER/ÂØíÂÅáÊúüÂàä/IEEEtran-Privacy/k4
p2.pdf> <C:/Users/Administrator/Desktop/MyPAPER/ÂØíÂÅáÊúüÂàä/IEEEtran-Privacy/k
4p5-b.pdf> <C:/Users/Administrator/Desktop/MyPAPER/ÂØíÂÅáÊúüÂàä/IEEEtran-Privac
y/structure.pdf>] <NMDis.pdf, id=179, 486.70654pt x 330.3522pt>
File: NMDis.pdf Graphic file (type pdf)
 <use NMDis.pdf>
Package pdftex.def Info: NMDis.pdf used on input line 484.
(pdftex.def)             Requested size: 93.89366pt x 73.97821pt.

<Normconsensus.pdf, id=180, 517.4031pt x 331.92004pt>
File: Normconsensus.pdf Graphic file (type pdf)
 <use Normconsensus.pdf>
Package pdftex.def Info: Normconsensus.pdf used on input line 485.
(pdftex.def)             Requested size: 93.89435pt x 73.9748pt.

<GSDis.pdf, id=181, 487.45935pt x 328.84657pt>
File: GSDis.pdf Graphic file (type pdf)
 <use GSDis.pdf>
Package pdftex.def Info: GSDis.pdf used on input line 493.
(pdftex.def)             Requested size: 93.89014pt x 73.97725pt.

<GSconsensus.pdf, id=182, 514.39186pt x 331.92004pt>
File: GSconsensus.pdf Graphic file (type pdf)
 <use GSconsensus.pdf>
Package pdftex.def Info: GSconsensus.pdf used on input line 494.
(pdftex.def)             Requested size: 93.88947pt x 73.9748pt.

<EXDis.pdf, id=183, 487.45935pt x 329.5994pt>
File: EXDis.pdf Graphic file (type pdf)
 <use EXDis.pdf>
Package pdftex.def Info: EXDis.pdf used on input line 502.
(pdftex.def)             Requested size: 93.89014pt x 73.9756pt.

<EXconsensus.pdf, id=184, 517.4031pt x 330.41441pt>
File: EXconsensus.pdf Graphic file (type pdf)
 <use EXconsensus.pdf>
Package pdftex.def Info: EXconsensus.pdf used on input line 503.
(pdftex.def)             Requested size: 93.89435pt x 73.97702pt.

(C:\Users\Administrator\Desktop\MyPAPER\ÂØíÂÅáÊúüÂàä\IEEEtran-Privacy\PrivacyAt
tack.bbl [7 <C:/Users/Administrator/Desktop/MyPAPER/ÂØíÂÅáÊúüÂàä/IEEEtran-Priva
cy/NMDis.pdf> <C:/Users/Administrator/Desktop/MyPAPER/ÂØíÂÅáÊúüÂàä/IEEEtran-Pri
vacy/Normconsensus.pdf> <C:/Users/Administrator/Desktop/MyPAPER/ÂØíÂÅáÊúüÂàä/IE
EEtran-Privacy/GSDis.pdf> <C:/Users/Administrator/Desktop/MyPAPER/ÂØíÂÅáÊúüÂàä/
IEEEtran-Privacy/GSconsensus.pdf> <C:/Users/Administrator/Desktop/MyPAPER/ÂØíÂÅ
áÊúüÂàä/IEEEtran-Privacy/EXDis.pdf> <C:/Users/Administrator/Desktop/MyPAPER/ÂØí
ÂÅáÊúüÂàä/IEEEtran-Privacy/EXconsensus.pdf>]
Underfull \hbox (badness 1515) in paragraph at lines 58--62
[]\T1/ptm/m/n/9.53561 Nicolaos. E Man-i-tara and Chisto-foros. N Had-ji-costis.

 []

) [8

]
(C:\Users\Administrator\Desktop\MyPAPER\ÂØíÂÅáÊúüÂàä\IEEEtran-Privacy\PrivacyAt
tack.aux) ) 
Here is how much of TeX's memory you used:
 5952 strings out of 495354
 87614 string characters out of 3183859
 152083 words of memory out of 3000000
 8949 multiletter control sequences out of 15000+200000
 144091 words of font info for 202 fonts, out of 3000000 for 9000
 14 hyphenation exceptions out of 8191
 36i,22n,43p,2244b,395s stack positions out of 5000i,500n,10000p,200000b,50000s
{D:/CTEX/MiKTeX/fonts/enc/dvips/fontname/8r.enc}<D:/CTEX/MiKTeX/font
s/type1/public/amsfonts/cm/cmbx10.pfb><D:/CTEX/MiKTeX/fonts/type1/public/amsfon
ts/cm/cmex10.pfb><D:/CTEX/MiKTeX/fonts/type1/public/amsfonts/cm/cmmi10.pfb><D:/
CTEX/MiKTeX/fonts/type1/public/amsfonts/cm/cmmi5.pfb><D:/CTEX/MiKTeX/fonts/type
1/public/amsfonts/cm/cmmi7.pfb><D:/CTEX/MiKTeX/fonts/type1/public/amsfonts/cm/c
mr10.pfb><D:/CTEX/MiKTeX/fonts/type1/public/amsfonts/cm/cmr5.pfb><D:/CTEX/MiKTe
X/fonts/type1/public/amsfonts/cm/cmr7.pfb><D:/CTEX/MiKTeX/fonts/type1/public/am
sfonts/cm/cmsy10.pfb><D:/CTEX/MiKTeX/fonts/type1/public/amsfonts/cm/cmsy5.pfb><
D:/CTEX/MiKTeX/fonts/type1/public/amsfonts/cm/cmsy7.pfb><D:/CTEX/MiKTeX/fonts/t
ype1/public/amsfonts/cm/cmsy8.pfb><D:/CTEX/MiKTeX/fonts/type1/public/amsfonts/s
ymbols/msam10.pfb><D:/CTEX/MiKTeX/fonts/type1/public/amsfonts/symbols/msbm10.pf
b><D:/CTEX/MiKTeX/fonts/type1/urw/helvetic/uhvb8a.pfb><D:/CTEX/MiKTeX/fonts/typ
e1/urw/helvetic/uhvr8a.pfb><D:/CTEX/MiKTeX/fonts/type1/urw/helvetic/uhvro8a.pfb
><D:/CTEX/MiKTeX/fonts/type1/urw/times/utmb8a.pfb><D:/CTEX/MiKTeX/fonts/type1/u
rw/times/utmbi8a.pfb><D:/CTEX/MiKTeX/fonts/type1/urw/times/utmr8a.pfb><D:/CTEX/
MiKTeX/fonts/type1/urw/times/utmri8a.pfb><D:/CTEX/MiKTeX/fonts/type1/urw/zapfdi
ng/uzdr.pfb>
Output written on PrivacyAttack.pdf (8 pages, 619882 bytes).
PDF statistics:
 325 PDF objects out of 1000 (max. 8388607)
 0 named destinations out of 1000 (max. 500000)
 71 words of extra memory for PDF output out of 10000 (max. 10000000)

